0 info it worked if it ends with ok
1 verbose cli [ '/usr/local/Cellar/node/4.1.1/bin/node',
1 verbose cli   '/usr/local/bin/npm',
1 verbose cli   'version',
1 verbose cli   'minor' ]
2 info using npm@2.14.4
3 info using node@v4.1.1
4 info git [ 'status', '--porcelain' ]
5 verbose stack Error: Git working directory not clean.
5 verbose stack M README.md
5 verbose stack M coffee/releases.coffee
5 verbose stack M index.html
5 verbose stack M js/releases.js
5 verbose stack     at /usr/local/lib/node_modules/npm/lib/version.js:171:21
5 verbose stack     at ChildProcess.exithandler (child_process.js:194:7)
5 verbose stack     at emitTwo (events.js:87:13)
5 verbose stack     at ChildProcess.emit (events.js:172:7)
5 verbose stack     at maybeClose (internal/child_process.js:817:16)
5 verbose stack     at Socket.<anonymous> (internal/child_process.js:319:11)
5 verbose stack     at emitOne (events.js:77:13)
5 verbose stack     at Socket.emit (events.js:169:7)
5 verbose stack     at Pipe._onclose (net.js:469:12)
6 verbose cwd /Users/levlaz/github/releases
7 error Darwin 14.5.0
8 error argv "/usr/local/Cellar/node/4.1.1/bin/node" "/usr/local/bin/npm" "version" "minor"
9 error node v4.1.1
10 error npm  v2.14.4
11 error Git working directory not clean.
11 error M README.md
11 error M coffee/releases.coffee
11 error M index.html
11 error M js/releases.js
12 error If you need help, you may report this error at:
12 error     <https://github.com/npm/npm/issues>
13 verbose exit [ 1, true ]
